[2024-09-30T00:21:54.327108+02:00] app.INFO: Connected and bound to the LDAP server. [] []
[2024-09-30T00:21:54.387361+02:00] app.INFO: authToken: eyJ0eXAiOiJKV1QiLCJhbGciOiJIUzI1NiJ9.eyJleHAiOjE3MzAzMTY0MDMsInVpZCI6InBhdWxhIn0.DG4yhhiWWYjrMm00rauAxoT9nvafSKpCg4qpKDS_nW8 [] []
[2024-09-30T00:21:54.395208+02:00] app.INFO: uid: paula [] []
[2024-09-30T00:21:54.395322+02:00] app.INFO: uidRequester: paula [] []
[2024-09-30T00:21:54.395355+02:00] app.INFO: uid: paula [] []
[2024-09-30T00:21:54.396634+02:00] app.INFO: El uid paula no fue encontrado, pailangas tangas [] []
[2024-09-30T00:22:02.939545+02:00] app.INFO: Connected and bound to the LDAP server. [] []
[2024-09-30T00:22:02.949273+02:00] app.INFO: jwt: eyJ0eXAiOiJKV1QiLCJhbGciOiJIUzI1NiJ9.eyJleHAiOjE3MzEyNDg1MjIsInVpZCI6Imxlb24ifQ.mdP0pPnrhOc_2MNagl6l6oTWN8oaJaroMxnp-tZlsd8 [] []
[2024-09-30T00:22:48.543431+02:00] app.INFO: Connected and bound to the LDAP server. [] []
[2024-09-30T00:22:48.544965+02:00] app.INFO: authToken: eyJ0eXAiOiJKV1QiLCJhbGciOiJIUzI1NiJ9.eyJleHAiOjE3MzAzMTY0MDMsInVpZCI6InBhdWxhIn0.DG4yhhiWWYjrMm00rauAxoT9nvafSKpCg4qpKDS_nW8 [] []
[2024-09-30T00:22:48.546893+02:00] app.INFO: uid: paula [] []
[2024-09-30T00:22:48.547018+02:00] app.INFO: uidRequester: paula [] []
[2024-09-30T00:22:48.547051+02:00] app.INFO: uid: paula [] []
[2024-09-30T00:22:48.548383+02:00] app.INFO: El uid paula no fue encontrado, pailangas tangas [] []
[2024-09-30T00:23:26.341361+02:00] app.INFO: Connected and bound to the LDAP server. [] []
[2024-09-30T00:23:26.343072+02:00] app.INFO: authToken: eyJ0eXAiOiJKV1QiLCJhbGciOiJIUzI1NiJ9.eyJleHAiOjE3MzEyNDg1MjIsInVpZCI6Imxlb24ifQ.mdP0pPnrhOc_2MNagl6l6oTWN8oaJaroMxnp-tZlsd8 [] []
[2024-09-30T00:23:26.344259+02:00] app.INFO: uid: leon [] []
[2024-09-30T00:23:26.344330+02:00] app.INFO: uidRequester: leon [] []
[2024-09-30T00:23:26.344361+02:00] app.INFO: uid: leon [] []
[2024-09-30T00:23:26.350040+02:00] app.INFO: El uid leon fue encontrado, si es admin [] []
[2024-09-30T00:23:26.381354+02:00] app.INFO: no se pudo crear el grupo hernandez :c [] []
[2024-09-30T00:31:26.864610+02:00] app.INFO: Connected and bound to the LDAP server. [] []
[2024-09-30T00:31:26.867560+02:00] app.INFO: authToken: eyJ0eXAiOiJKV1QiLCJhbGciOiJIUzI1NiJ9.eyJleHAiOjE3MzEyNDg1MjIsInVpZCI6Imxlb24ifQ.mdP0pPnrhOc_2MNagl6l6oTWN8oaJaroMxnp-tZlsd8 [] []
[2024-09-30T00:31:26.869324+02:00] app.INFO: uid: leon [] []
[2024-09-30T00:31:26.869412+02:00] app.INFO: uidRequester: leon [] []
[2024-09-30T00:31:26.869454+02:00] app.INFO: uid: leon [] []
[2024-09-30T00:31:26.871495+02:00] app.INFO: El uid leon fue encontrado, si es admin [] []
[2024-09-30T00:31:26.905215+02:00] app.INFO: no se pudo crear el grupo waiters :c [] []
[2024-09-30T00:33:13.508868+02:00] app.INFO: Connected and bound to the LDAP server. [] []
[2024-09-30T00:33:13.511208+02:00] app.INFO: authToken: eyJ0eXAiOiJKV1QiLCJhbGciOiJIUzI1NiJ9.eyJleHAiOjE3MzEyNDg1MjIsInVpZCI6Imxlb24ifQ.mdP0pPnrhOc_2MNagl6l6oTWN8oaJaroMxnp-tZlsd8 [] []
[2024-09-30T00:33:13.512706+02:00] app.INFO: uid: leon [] []
[2024-09-30T00:33:13.512782+02:00] app.INFO: uidRequester: leon [] []
[2024-09-30T00:33:13.512814+02:00] app.INFO: uid: leon [] []
[2024-09-30T00:33:13.514489+02:00] app.INFO: El uid leon fue encontrado, si es admin [] []
[2024-09-30T00:33:13.536441+02:00] app.INFO: no se pudo crear el grupo pack :c [] []
[2024-09-30T00:39:23.096122+02:00] app.INFO: Connected and bound to the LDAP server. [] []
[2024-09-30T00:39:23.097955+02:00] app.INFO: authToken: eyJ0eXAiOiJKV1QiLCJhbGciOiJIUzI1NiJ9.eyJleHAiOjE3MzEyNDg1MjIsInVpZCI6Imxlb24ifQ.mdP0pPnrhOc_2MNagl6l6oTWN8oaJaroMxnp-tZlsd8 [] []
[2024-09-30T00:39:23.099436+02:00] app.INFO: uid: leon [] []
[2024-09-30T00:39:23.099555+02:00] app.INFO: uidRequester: leon [] []
[2024-09-30T00:39:23.099689+02:00] app.INFO: uid: leon [] []
[2024-09-30T00:39:23.102274+02:00] app.INFO: El uid leon fue encontrado, si es admin [] []
[2024-09-30T00:39:23.124838+02:00] app.INFO: no se pudo crear el grupo jhonny :c [] []
[2024-09-30T00:39:36.766358+02:00] app.INFO: Connected and bound to the LDAP server. [] []
[2024-09-30T00:39:36.769121+02:00] app.INFO: authToken: eyJ0eXAiOiJKV1QiLCJhbGciOiJIUzI1NiJ9.eyJleHAiOjE3MzEyNDg1MjIsInVpZCI6Imxlb24ifQ.mdP0pPnrhOc_2MNagl6l6oTWN8oaJaroMxnp-tZlsd8 [] []
[2024-09-30T00:39:36.770700+02:00] app.INFO: uid: leon [] []
[2024-09-30T00:39:36.770791+02:00] app.INFO: uidRequester: leon [] []
[2024-09-30T00:39:36.770823+02:00] app.INFO: uid: leon [] []
[2024-09-30T00:39:36.772745+02:00] app.INFO: El uid leon fue encontrado, si es admin [] []
[2024-09-30T00:39:36.805921+02:00] app.INFO: no se pudo crear el grupo go :c [] []
[2024-09-30T00:41:29.256787+02:00] app.INFO: Connected and bound to the LDAP server. [] []
[2024-09-30T00:41:29.259172+02:00] app.INFO: authToken: eyJ0eXAiOiJKV1QiLCJhbGciOiJIUzI1NiJ9.eyJleHAiOjE3MzEyNDg1MjIsInVpZCI6Imxlb24ifQ.mdP0pPnrhOc_2MNagl6l6oTWN8oaJaroMxnp-tZlsd8 [] []
[2024-09-30T00:41:29.262452+02:00] app.INFO: uid: leon [] []
[2024-09-30T00:41:29.262557+02:00] app.INFO: uidRequester: leon [] []
[2024-09-30T00:41:29.262594+02:00] app.INFO: uid: leon [] []
[2024-09-30T00:41:29.265020+02:00] app.INFO: El uid leon fue encontrado, si es admin [] []
[2024-09-30T00:41:29.292813+02:00] app.INFO: no se pudo crear el grupo guerra :c [] []
[2024-09-30T00:58:57.451110+02:00] app.INFO: Connected and bound to the LDAP server. [] []
[2024-09-30T00:58:57.453102+02:00] app.INFO: authToken: eyJ0eXAiOiJKV1QiLCJhbGciOiJIUzI1NiJ9.eyJleHAiOjE3MzEyNDg1MjIsInVpZCI6Imxlb24ifQ.mdP0pPnrhOc_2MNagl6l6oTWN8oaJaroMxnp-tZlsd8 [] []
[2024-09-30T00:58:57.454699+02:00] app.INFO: uid: leon [] []
[2024-09-30T00:58:57.454777+02:00] app.INFO: uidRequester: leon [] []
[2024-09-30T00:58:57.454811+02:00] app.INFO: uid: leon [] []
[2024-09-30T00:58:57.457067+02:00] app.INFO: El uid leon fue encontrado, si es admin [] []
[2024-09-30T00:58:57.502398+02:00] app.INFO: se creo correctamente el grupo shaggy [] []
[2024-09-30T01:01:32.144459+02:00] app.INFO: Connected and bound to the LDAP server. [] []
[2024-09-30T01:01:32.146412+02:00] app.INFO: authToken: eyJ0eXAiOiJKV1QiLCJhbGciOiJIUzI1NiJ9.eyJleHAiOjE3MjYwMjczNDYsInVpZCI6Imx1Y2hpdG8ifQ.HR8ldx43z8IWgNZC98cD0SQMi3IY0Joki2DSezNFlmY [] []
[2024-09-30T01:01:32.158920+02:00] app.INFO: Expired token [] []
[2024-09-30T01:02:13.825622+02:00] app.INFO: Connected and bound to the LDAP server. [] []
[2024-09-30T01:02:13.828379+02:00] app.INFO: authToken: eyJ0eXAiOiJKV1QiLCJhbGciOiJIUzI1NiJ9.eyJleHAiOjE3MzEyNDg1MjIsInVpZCI6Imxlb24ifQ.mdP0pPnrhOc_2MNagl6l6oTWN8oaJaroMxnp-tZlsd8 [] []
[2024-09-30T01:02:13.830671+02:00] app.INFO: uid: leon [] []
[2024-09-30T01:02:13.831996+02:00] app.INFO: no se pudo devolver los usuarios de chente [] []
